2020-06-17 12:10:08.974 [restartedMain] INFO  com.yanzheng.demo.DemoApplication[55] - Starting DemoApplication on DESKTOP-BVH2548 with PID 10976 (D:\demo\newYanZheng\target\classes started by luck in D:\demo\newYanZheng)
2020-06-17 12:10:08.978 [restartedMain] INFO  com.yanzheng.demo.DemoApplication[651] - No active profile set, falling back to default profiles: default
2020-06-17 12:10:09.191 [restartedMain] INFO  o.s.b.d.env.DevToolsPropertyDefaultsPostProcessor[225] - Devtools property defaults active! Set 'spring.devtools.add-properties' to 'false' to disable
2020-06-17 12:10:09.192 [restartedMain] INFO  o.s.b.d.env.DevToolsPropertyDefaultsPostProcessor[225] - For additional web related logging consider setting the 'logging.level.web' property to 'DEBUG'
2020-06-17 12:10:11.521 [restartedMain] INFO  o.s.d.r.config.RepositoryConfigurationDelegate[249] - Multiple Spring Data modules found, entering strict repository configuration mode!
2020-06-17 12:10:11.524 [restartedMain] INFO  o.s.d.r.config.RepositoryConfigurationDelegate[127] - Bootstrapping Spring Data Redis repositories in DEFAULT mode.
2020-06-17 12:10:11.589 [restartedMain] INFO  o.s.d.r.config.RepositoryConfigurationDelegate[187] - Finished Spring Data repository scanning in 13ms. Found 0 Redis repository interfaces.
2020-06-17 12:10:11.978 [restartedMain] WARN  org.mybatis.spring.mapper.ClassPathMapperScanner[44] - No MyBatis mapper was found in '[com.yanzheng.demo]' package. Please check your configuration.
2020-06-17 12:10:13.357 [restartedMain] INFO  o.s.boot.web.embedded.tomcat.TomcatWebServer[92] - Tomcat initialized with port(s): 8011 (http)
2020-06-17 12:10:13.373 [restartedMain] INFO  org.apache.coyote.http11.Http11NioProtocol[173] - Initializing ProtocolHandler ["http-nio-8011"]
2020-06-17 12:10:13.375 [restartedMain] INFO  org.apache.catalina.core.StandardService[173] - Starting service [Tomcat]
2020-06-17 12:10:13.375 [restartedMain] INFO  org.apache.catalina.core.StandardEngine[173] - Starting Servlet engine: [Apache Tomcat/9.0.33]
2020-06-17 12:10:13.695 [restartedMain] INFO  o.a.c.core.ContainerBase.[Tomcat].[localhost].[/][173] - Initializing Spring embedded WebApplicationContext
2020-06-17 12:10:13.696 [restartedMain] INFO  org.springframework.web.context.ContextLoader[284] - Root WebApplicationContext: initialization completed in 4503 ms
2020-06-17 12:10:14.317 [restartedMain] INFO  o.s.scheduling.concurrent.ThreadPoolTaskExecutor[181] - Initializing ExecutorService 'applicationTaskExecutor'
2020-06-17 12:10:18.879 [restartedMain] INFO  o.s.b.d.autoconfigure.OptionalLiveReloadServer[58] - LiveReload server is running on port 35729
2020-06-17 12:10:18.981 [restartedMain] INFO  org.apache.coyote.http11.Http11NioProtocol[173] - Starting ProtocolHandler ["http-nio-8011"]
2020-06-17 12:10:19.063 [restartedMain] INFO  o.s.boot.web.embedded.tomcat.TomcatWebServer[204] - Tomcat started on port(s): 8011 (http) with context path ''
2020-06-17 12:10:19.067 [restartedMain] INFO  com.yanzheng.demo.DemoApplication[61] - Started DemoApplication in 12.368 seconds (JVM running for 18.554)
2020-06-17 12:37:27.351 [restartedMain] INFO  com.yanzheng.demo.DemoApplication[55] - Starting DemoApplication on DESKTOP-BVH2548 with PID 7640 (D:\demo\newYanZheng\target\classes started by luck in D:\demo\newYanZheng)
2020-06-17 12:37:27.358 [restartedMain] INFO  com.yanzheng.demo.DemoApplication[651] - No active profile set, falling back to default profiles: default
2020-06-17 12:37:27.586 [restartedMain] INFO  o.s.b.d.env.DevToolsPropertyDefaultsPostProcessor[225] - Devtools property defaults active! Set 'spring.devtools.add-properties' to 'false' to disable
2020-06-17 12:37:27.599 [restartedMain] INFO  o.s.b.d.env.DevToolsPropertyDefaultsPostProcessor[225] - For additional web related logging consider setting the 'logging.level.web' property to 'DEBUG'
2020-06-17 12:37:29.369 [restartedMain] INFO  o.s.d.r.config.RepositoryConfigurationDelegate[249] - Multiple Spring Data modules found, entering strict repository configuration mode!
2020-06-17 12:37:29.374 [restartedMain] INFO  o.s.d.r.config.RepositoryConfigurationDelegate[127] - Bootstrapping Spring Data Redis repositories in DEFAULT mode.
2020-06-17 12:37:29.408 [restartedMain] INFO  o.s.d.r.config.RepositoryConfigurationDelegate[187] - Finished Spring Data repository scanning in 11ms. Found 0 Redis repository interfaces.
2020-06-17 12:37:29.642 [restartedMain] WARN  org.mybatis.spring.mapper.ClassPathMapperScanner[44] - No MyBatis mapper was found in '[com.yanzheng.demo]' package. Please check your configuration.
2020-06-17 12:37:30.443 [restartedMain] INFO  o.s.boot.web.embedded.tomcat.TomcatWebServer[92] - Tomcat initialized with port(s): 8011 (http)
2020-06-17 12:37:30.461 [restartedMain] INFO  org.apache.coyote.http11.Http11NioProtocol[173] - Initializing ProtocolHandler ["http-nio-8011"]
2020-06-17 12:37:30.462 [restartedMain] INFO  org.apache.catalina.core.StandardService[173] - Starting service [Tomcat]
2020-06-17 12:37:30.462 [restartedMain] INFO  org.apache.catalina.core.StandardEngine[173] - Starting Servlet engine: [Apache Tomcat/9.0.33]
2020-06-17 12:37:30.601 [restartedMain] INFO  o.a.c.core.ContainerBase.[Tomcat].[localhost].[/][173] - Initializing Spring embedded WebApplicationContext
2020-06-17 12:37:30.601 [restartedMain] INFO  org.springframework.web.context.ContextLoader[284] - Root WebApplicationContext: initialization completed in 3002 ms
2020-06-17 12:37:31.097 [restartedMain] INFO  o.s.scheduling.concurrent.ThreadPoolTaskExecutor[181] - Initializing ExecutorService 'applicationTaskExecutor'
2020-06-17 12:37:33.059 [restartedMain] INFO  o.s.b.d.autoconfigure.OptionalLiveReloadServer[58] - LiveReload server is running on port 35729
2020-06-17 12:37:33.141 [restartedMain] INFO  org.apache.coyote.http11.Http11NioProtocol[173] - Starting ProtocolHandler ["http-nio-8011"]
2020-06-17 12:37:33.162 [restartedMain] INFO  o.s.boot.web.embedded.tomcat.TomcatWebServer[204] - Tomcat started on port(s): 8011 (http) with context path ''
2020-06-17 12:37:33.164 [restartedMain] INFO  com.yanzheng.demo.DemoApplication[61] - Started DemoApplication in 6.896 seconds (JVM running for 9.404)
2020-06-17 12:37:52.337 [http-nio-8011-exec-1] INFO  o.a.c.core.ContainerBase.[Tomcat].[localhost].[/][173] - Initializing Spring DispatcherServlet 'dispatcherServlet'
2020-06-17 12:37:52.338 [http-nio-8011-exec-1] INFO  org.springframework.web.servlet.DispatcherServlet[525] - Initializing Servlet 'dispatcherServlet'
2020-06-17 12:37:52.347 [http-nio-8011-exec-1] INFO  org.springframework.web.servlet.DispatcherServlet[547] - Completed initialization in 9 ms
2020-06-17 12:39:05.000 [restartedMain] INFO  com.yanzheng.demo.DemoApplication[55] - Starting DemoApplication on DESKTOP-BVH2548 with PID 3728 (D:\demo\newYanZheng\target\classes started by luck in D:\demo\newYanZheng)
2020-06-17 12:39:05.008 [restartedMain] INFO  com.yanzheng.demo.DemoApplication[651] - No active profile set, falling back to default profiles: default
2020-06-17 12:39:05.294 [restartedMain] INFO  o.s.b.d.env.DevToolsPropertyDefaultsPostProcessor[225] - Devtools property defaults active! Set 'spring.devtools.add-properties' to 'false' to disable
2020-06-17 12:39:05.295 [restartedMain] INFO  o.s.b.d.env.DevToolsPropertyDefaultsPostProcessor[225] - For additional web related logging consider setting the 'logging.level.web' property to 'DEBUG'
2020-06-17 12:39:06.581 [restartedMain] INFO  o.s.d.r.config.RepositoryConfigurationDelegate[249] - Multiple Spring Data modules found, entering strict repository configuration mode!
2020-06-17 12:39:06.587 [restartedMain] INFO  o.s.d.r.config.RepositoryConfigurationDelegate[127] - Bootstrapping Spring Data Redis repositories in DEFAULT mode.
2020-06-17 12:39:06.626 [restartedMain] INFO  o.s.d.r.config.RepositoryConfigurationDelegate[187] - Finished Spring Data repository scanning in 10ms. Found 0 Redis repository interfaces.
2020-06-17 12:39:06.914 [restartedMain] WARN  org.mybatis.spring.mapper.ClassPathMapperScanner[44] - No MyBatis mapper was found in '[com.yanzheng.demo]' package. Please check your configuration.
2020-06-17 12:39:07.569 [restartedMain] INFO  o.s.boot.web.embedded.tomcat.TomcatWebServer[92] - Tomcat initialized with port(s): 8011 (http)
2020-06-17 12:39:07.579 [restartedMain] INFO  org.apache.coyote.http11.Http11NioProtocol[173] - Initializing ProtocolHandler ["http-nio-8011"]
2020-06-17 12:39:07.580 [restartedMain] INFO  org.apache.catalina.core.StandardService[173] - Starting service [Tomcat]
2020-06-17 12:39:07.580 [restartedMain] INFO  org.apache.catalina.core.StandardEngine[173] - Starting Servlet engine: [Apache Tomcat/9.0.33]
2020-06-17 12:39:07.694 [restartedMain] INFO  o.a.c.core.ContainerBase.[Tomcat].[localhost].[/][173] - Initializing Spring embedded WebApplicationContext
2020-06-17 12:39:07.694 [restartedMain] INFO  org.springframework.web.context.ContextLoader[284] - Root WebApplicationContext: initialization completed in 2398 ms
2020-06-17 12:39:08.211 [restartedMain] INFO  o.s.scheduling.concurrent.ThreadPoolTaskExecutor[181] - Initializing ExecutorService 'applicationTaskExecutor'
2020-06-17 12:39:10.411 [restartedMain] INFO  o.s.b.d.autoconfigure.OptionalLiveReloadServer[58] - LiveReload server is running on port 35729
2020-06-17 12:39:10.540 [restartedMain] INFO  org.apache.coyote.http11.Http11NioProtocol[173] - Starting ProtocolHandler ["http-nio-8011"]
2020-06-17 12:39:10.578 [restartedMain] INFO  o.s.boot.web.embedded.tomcat.TomcatWebServer[204] - Tomcat started on port(s): 8011 (http) with context path ''
2020-06-17 12:39:10.582 [restartedMain] INFO  com.yanzheng.demo.DemoApplication[61] - Started DemoApplication in 6.813 seconds (JVM running for 10.034)
2020-06-17 12:48:57.626 [http-nio-8011-exec-1] INFO  o.a.c.core.ContainerBase.[Tomcat].[localhost].[/][173] - Initializing Spring DispatcherServlet 'dispatcherServlet'
2020-06-17 12:48:57.626 [http-nio-8011-exec-1] INFO  org.springframework.web.servlet.DispatcherServlet[525] - Initializing Servlet 'dispatcherServlet'
2020-06-17 12:48:57.640 [http-nio-8011-exec-1] INFO  org.springframework.web.servlet.DispatcherServlet[547] - Completed initialization in 14 ms
2020-06-17 14:49:19.223 [SpringContextShutdownHook] INFO  o.s.scheduling.concurrent.ThreadPoolTaskExecutor[218] - Shutting down ExecutorService 'applicationTaskExecutor'
2020-06-17 14:49:37.334 [restartedMain] INFO  com.yanzheng.demo.DemoApplication[55] - Starting DemoApplication on DESKTOP-BVH2548 with PID 19392 (D:\demo\newYanZheng\target\classes started by luck in D:\demo\newYanZheng)
2020-06-17 14:49:37.354 [restartedMain] INFO  com.yanzheng.demo.DemoApplication[651] - No active profile set, falling back to default profiles: default
2020-06-17 14:49:37.537 [restartedMain] INFO  o.s.b.d.env.DevToolsPropertyDefaultsPostProcessor[225] - Devtools property defaults active! Set 'spring.devtools.add-properties' to 'false' to disable
2020-06-17 14:49:37.538 [restartedMain] INFO  o.s.b.d.env.DevToolsPropertyDefaultsPostProcessor[225] - For additional web related logging consider setting the 'logging.level.web' property to 'DEBUG'
2020-06-17 14:49:38.520 [restartedMain] INFO  o.s.d.r.config.RepositoryConfigurationDelegate[249] - Multiple Spring Data modules found, entering strict repository configuration mode!
2020-06-17 14:49:38.523 [restartedMain] INFO  o.s.d.r.config.RepositoryConfigurationDelegate[127] - Bootstrapping Spring Data Redis repositories in DEFAULT mode.
2020-06-17 14:49:38.548 [restartedMain] INFO  o.s.d.r.config.RepositoryConfigurationDelegate[187] - Finished Spring Data repository scanning in 8ms. Found 0 Redis repository interfaces.
2020-06-17 14:49:38.738 [restartedMain] WARN  org.mybatis.spring.mapper.ClassPathMapperScanner[44] - No MyBatis mapper was found in '[com.yanzheng.demo]' package. Please check your configuration.
2020-06-17 14:49:39.321 [restartedMain] INFO  o.s.boot.web.embedded.tomcat.TomcatWebServer[92] - Tomcat initialized with port(s): 8011 (http)
2020-06-17 14:49:39.331 [restartedMain] INFO  org.apache.coyote.http11.Http11NioProtocol[173] - Initializing ProtocolHandler ["http-nio-8011"]
2020-06-17 14:49:39.332 [restartedMain] INFO  org.apache.catalina.core.StandardService[173] - Starting service [Tomcat]
2020-06-17 14:49:39.332 [restartedMain] INFO  org.apache.catalina.core.StandardEngine[173] - Starting Servlet engine: [Apache Tomcat/9.0.33]
2020-06-17 14:49:39.449 [restartedMain] INFO  o.a.c.core.ContainerBase.[Tomcat].[localhost].[/][173] - Initializing Spring embedded WebApplicationContext
2020-06-17 14:49:39.450 [restartedMain] INFO  org.springframework.web.context.ContextLoader[284] - Root WebApplicationContext: initialization completed in 1911 ms
2020-06-17 14:49:39.597 [restartedMain] WARN  o.s.b.w.s.c.AnnotationConfigServletWebServerApplicationContext[558] - Exception encountered during context initialization - cancelling refresh attempt: org.springframework.beans.factory.UnsatisfiedDependencyException: Error creating bean with name 'sesmentController': Unsatisfied dependency expressed through field 'userService'; nested exception is org.springframework.beans.factory.BeanCreationException: Error creating bean with name 'userService': Injection of autowired dependencies failed; nested exception is java.lang.IllegalArgumentException: Could not resolve placeholder 'aliyun.sms.signName' in value "${aliyun.sms.signName}"
2020-06-17 14:49:39.601 [restartedMain] INFO  org.apache.catalina.core.StandardService[173] - Stopping service [Tomcat]
2020-06-17 14:49:39.632 [restartedMain] INFO  o.s.b.a.l.ConditionEvaluationReportLoggingListener[136] - 

Error starting ApplicationContext. To display the conditions report re-run your application with 'debug' enabled.
2020-06-17 14:49:39.694 [restartedMain] ERROR org.springframework.boot.SpringApplication[826] - Application run failed
org.springframework.beans.factory.UnsatisfiedDependencyException: Error creating bean with name 'sesmentController': Unsatisfied dependency expressed through field 'userService'; nested exception is org.springframework.beans.factory.BeanCreationException: Error creating bean with name 'userService': Injection of autowired dependencies failed; nested exception is java.lang.IllegalArgumentException: Could not resolve placeholder 'aliyun.sms.signName' in value "${aliyun.sms.signName}"
	at org.springframework.beans.factory.annotation.AutowiredAnnotationBeanPostProcessor$AutowiredFieldElement.inject(AutowiredAnnotationBeanPostProcessor.java:643)
	at org.springframework.beans.factory.annotation.InjectionMetadata.inject(InjectionMetadata.java:130)
	at org.springframework.beans.factory.annotation.AutowiredAnnotationBeanPostProcessor.postProcessProperties(AutowiredAnnotationBeanPostProcessor.java:399)
	at org.springframework.beans.factory.support.AbstractAutowireCapableBeanFactory.populateBean(AbstractAutowireCapableBeanFactory.java:1422)
	at org.springframework.beans.factory.support.AbstractAutowireCapableBeanFactory.doCreateBean(AbstractAutowireCapableBeanFactory.java:594)
	at org.springframework.beans.factory.support.AbstractAutowireCapableBeanFactory.createBean(AbstractAutowireCapableBeanFactory.java:517)
	at org.springframework.beans.factory.support.AbstractBeanFactory.lambda$doGetBean$0(AbstractBeanFactory.java:323)
	at org.springframework.beans.factory.support.DefaultSingletonBeanRegistry.getSingleton(DefaultSingletonBeanRegistry.java:222)
	at org.springframework.beans.factory.support.AbstractBeanFactory.doGetBean(AbstractBeanFactory.java:321)
	at org.springframework.beans.factory.support.AbstractBeanFactory.getBean(AbstractBeanFactory.java:202)
	at org.springframework.beans.factory.support.DefaultListableBeanFactory.preInstantiateSingletons(DefaultListableBeanFactory.java:882)
	at org.springframework.context.support.AbstractApplicationContext.finishBeanFactoryInitialization(AbstractApplicationContext.java:878)
	at org.springframework.context.support.AbstractApplicationContext.refresh(AbstractApplicationContext.java:550)
	at org.springframework.boot.web.servlet.context.ServletWebServerApplicationContext.refresh(ServletWebServerApplicationContext.java:141)
	at org.springframework.boot.SpringApplication.refresh(SpringApplication.java:747)
	at org.springframework.boot.SpringApplication.refreshContext(SpringApplication.java:397)
	at org.springframework.boot.SpringApplication.run(SpringApplication.java:315)
	at org.springframework.boot.SpringApplication.run(SpringApplication.java:1226)
	at org.springframework.boot.SpringApplication.run(SpringApplication.java:1215)
	at com.yanzheng.demo.DemoApplication.main(DemoApplication.java:10)
	at sun.reflect.NativeMethodAccessorImpl.invoke0(Native Method)
	at sun.reflect.NativeMethodAccessorImpl.invoke(NativeMethodAccessorImpl.java:62)
	at sun.reflect.DelegatingMethodAccessorImpl.invoke(DelegatingMethodAccessorImpl.java:43)
	at java.lang.reflect.Method.invoke(Method.java:498)
	at org.springframework.boot.devtools.restart.RestartLauncher.run(RestartLauncher.java:49)
Caused by: org.springframework.beans.factory.BeanCreationException: Error creating bean with name 'userService': Injection of autowired dependencies failed; nested exception is java.lang.IllegalArgumentException: Could not resolve placeholder 'aliyun.sms.signName' in value "${aliyun.sms.signName}"
	at org.springframework.beans.factory.annotation.AutowiredAnnotationBeanPostProcessor.postProcessProperties(AutowiredAnnotationBeanPostProcessor.java:405)
	at org.springframework.beans.factory.support.AbstractAutowireCapableBeanFactory.populateBean(AbstractAutowireCapableBeanFactory.java:1422)
	at org.springframework.beans.factory.support.AbstractAutowireCapableBeanFactory.doCreateBean(AbstractAutowireCapableBeanFactory.java:594)
	at org.springframework.beans.factory.support.AbstractAutowireCapableBeanFactory.createBean(AbstractAutowireCapableBeanFactory.java:517)
	at org.springframework.beans.factory.support.AbstractBeanFactory.lambda$doGetBean$0(AbstractBeanFactory.java:323)
	at org.springframework.beans.factory.support.DefaultSingletonBeanRegistry.getSingleton(DefaultSingletonBeanRegistry.java:222)
	at org.springframework.beans.factory.support.AbstractBeanFactory.doGetBean(AbstractBeanFactory.java:321)
	at org.springframework.beans.factory.support.AbstractBeanFactory.getBean(AbstractBeanFactory.java:202)
	at org.springframework.beans.factory.config.DependencyDescriptor.resolveCandidate(DependencyDescriptor.java:276)
	at org.springframework.beans.factory.support.DefaultListableBeanFactory.doResolveDependency(DefaultListableBeanFactory.java:1290)
	at org.springframework.beans.factory.support.DefaultListableBeanFactory.resolveDependency(DefaultListableBeanFactory.java:1210)
	at org.springframework.beans.factory.annotation.AutowiredAnnotationBeanPostProcessor$AutowiredFieldElement.inject(AutowiredAnnotationBeanPostProcessor.java:640)
	... 24 common frames omitted
Caused by: java.lang.IllegalArgumentException: Could not resolve placeholder 'aliyun.sms.signName' in value "${aliyun.sms.signName}"
	at org.springframework.util.PropertyPlaceholderHelper.parseStringValue(PropertyPlaceholderHelper.java:178)
	at org.springframework.util.PropertyPlaceholderHelper.replacePlaceholders(PropertyPlaceholderHelper.java:124)
	at org.springframework.core.env.AbstractPropertyResolver.doResolvePlaceholders(AbstractPropertyResolver.java:236)
	at org.springframework.core.env.AbstractPropertyResolver.resolveRequiredPlaceholders(AbstractPropertyResolver.java:210)
	at org.springframework.context.support.PropertySourcesPlaceholderConfigurer.lambda$processProperties$0(PropertySourcesPlaceholderConfigurer.java:175)
	at org.springframework.beans.factory.support.AbstractBeanFactory.resolveEmbeddedValue(AbstractBeanFactory.java:909)
	at org.springframework.beans.factory.support.DefaultListableBeanFactory.doResolveDependency(DefaultListableBeanFactory.java:1231)
	at org.springframework.beans.factory.support.DefaultListableBeanFactory.resolveDependency(DefaultListableBeanFactory.java:1210)
	at org.springframework.beans.factory.annotation.AutowiredAnnotationBeanPostProcessor$AutowiredFieldElement.inject(AutowiredAnnotationBeanPostProcessor.java:640)
	at org.springframework.beans.factory.annotation.InjectionMetadata.inject(InjectionMetadata.java:130)
	at org.springframework.beans.factory.annotation.AutowiredAnnotationBeanPostProcessor.postProcessProperties(AutowiredAnnotationBeanPostProcessor.java:399)
	... 35 common frames omitted
2020-06-17 14:50:56.315 [restartedMain] INFO  com.yanzheng.demo.DemoApplication[55] - Starting DemoApplication on DESKTOP-BVH2548 with PID 17192 (D:\demo\newYanZheng\target\classes started by luck in D:\demo\newYanZheng)
2020-06-17 14:50:56.320 [restartedMain] INFO  com.yanzheng.demo.DemoApplication[651] - No active profile set, falling back to default profiles: default
2020-06-17 14:50:56.505 [restartedMain] INFO  o.s.b.d.env.DevToolsPropertyDefaultsPostProcessor[225] - Devtools property defaults active! Set 'spring.devtools.add-properties' to 'false' to disable
2020-06-17 14:50:56.505 [restartedMain] INFO  o.s.b.d.env.DevToolsPropertyDefaultsPostProcessor[225] - For additional web related logging consider setting the 'logging.level.web' property to 'DEBUG'
2020-06-17 14:50:57.758 [restartedMain] INFO  o.s.d.r.config.RepositoryConfigurationDelegate[249] - Multiple Spring Data modules found, entering strict repository configuration mode!
2020-06-17 14:50:57.761 [restartedMain] INFO  o.s.d.r.config.RepositoryConfigurationDelegate[127] - Bootstrapping Spring Data Redis repositories in DEFAULT mode.
2020-06-17 14:50:57.794 [restartedMain] INFO  o.s.d.r.config.RepositoryConfigurationDelegate[187] - Finished Spring Data repository scanning in 8ms. Found 0 Redis repository interfaces.
2020-06-17 14:50:58.012 [restartedMain] WARN  org.mybatis.spring.mapper.ClassPathMapperScanner[44] - No MyBatis mapper was found in '[com.yanzheng.demo]' package. Please check your configuration.
2020-06-17 14:50:58.626 [restartedMain] INFO  o.s.boot.web.embedded.tomcat.TomcatWebServer[92] - Tomcat initialized with port(s): 8011 (http)
2020-06-17 14:50:58.635 [restartedMain] INFO  org.apache.coyote.http11.Http11NioProtocol[173] - Initializing ProtocolHandler ["http-nio-8011"]
2020-06-17 14:50:58.636 [restartedMain] INFO  org.apache.catalina.core.StandardService[173] - Starting service [Tomcat]
2020-06-17 14:50:58.636 [restartedMain] INFO  org.apache.catalina.core.StandardEngine[173] - Starting Servlet engine: [Apache Tomcat/9.0.33]
2020-06-17 14:50:58.752 [restartedMain] INFO  o.a.c.core.ContainerBase.[Tomcat].[localhost].[/][173] - Initializing Spring embedded WebApplicationContext
2020-06-17 14:50:58.752 [restartedMain] INFO  org.springframework.web.context.ContextLoader[284] - Root WebApplicationContext: initialization completed in 2247 ms
2020-06-17 14:50:59.158 [restartedMain] INFO  o.s.scheduling.concurrent.ThreadPoolTaskExecutor[181] - Initializing ExecutorService 'applicationTaskExecutor'
2020-06-17 14:51:01.208 [restartedMain] INFO  o.s.b.d.autoconfigure.OptionalLiveReloadServer[58] - LiveReload server is running on port 35729
2020-06-17 14:51:01.309 [restartedMain] INFO  org.apache.coyote.http11.Http11NioProtocol[173] - Starting ProtocolHandler ["http-nio-8011"]
2020-06-17 14:51:01.354 [restartedMain] INFO  o.s.boot.web.embedded.tomcat.TomcatWebServer[204] - Tomcat started on port(s): 8011 (http) with context path ''
2020-06-17 14:51:01.357 [restartedMain] INFO  com.yanzheng.demo.DemoApplication[61] - Started DemoApplication in 5.791 seconds (JVM running for 8.089)
2020-06-17 14:53:27.747 [http-nio-8011-exec-2] INFO  o.a.c.core.ContainerBase.[Tomcat].[localhost].[/][173] - Initializing Spring DispatcherServlet 'dispatcherServlet'
2020-06-17 14:53:27.747 [http-nio-8011-exec-2] INFO  org.springframework.web.servlet.DispatcherServlet[525] - Initializing Servlet 'dispatcherServlet'
2020-06-17 14:53:27.756 [http-nio-8011-exec-2] INFO  org.springframework.web.servlet.DispatcherServlet[547] - Completed initialization in 9 ms
2020-06-17 14:58:32.405 [restartedMain] INFO  com.yanzheng.demo.DemoApplication[55] - Starting DemoApplication on DESKTOP-BVH2548 with PID 6756 (D:\demo\newYanZheng\target\classes started by luck in D:\demo\newYanZheng)
2020-06-17 14:58:32.411 [restartedMain] INFO  com.yanzheng.demo.DemoApplication[651] - No active profile set, falling back to default profiles: default
2020-06-17 14:58:32.623 [restartedMain] INFO  o.s.b.d.env.DevToolsPropertyDefaultsPostProcessor[225] - Devtools property defaults active! Set 'spring.devtools.add-properties' to 'false' to disable
2020-06-17 14:58:32.624 [restartedMain] INFO  o.s.b.d.env.DevToolsPropertyDefaultsPostProcessor[225] - For additional web related logging consider setting the 'logging.level.web' property to 'DEBUG'
2020-06-17 14:58:33.742 [restartedMain] INFO  o.s.d.r.config.RepositoryConfigurationDelegate[249] - Multiple Spring Data modules found, entering strict repository configuration mode!
2020-06-17 14:58:33.746 [restartedMain] INFO  o.s.d.r.config.RepositoryConfigurationDelegate[127] - Bootstrapping Spring Data Redis repositories in DEFAULT mode.
2020-06-17 14:58:33.797 [restartedMain] INFO  o.s.d.r.config.RepositoryConfigurationDelegate[187] - Finished Spring Data repository scanning in 23ms. Found 0 Redis repository interfaces.
2020-06-17 14:58:34.016 [restartedMain] WARN  org.mybatis.spring.mapper.ClassPathMapperScanner[44] - No MyBatis mapper was found in '[com.yanzheng.demo]' package. Please check your configuration.
2020-06-17 14:58:34.804 [restartedMain] INFO  o.s.boot.web.embedded.tomcat.TomcatWebServer[92] - Tomcat initialized with port(s): 8011 (http)
2020-06-17 14:58:34.829 [restartedMain] INFO  org.apache.coyote.http11.Http11NioProtocol[173] - Initializing ProtocolHandler ["http-nio-8011"]
2020-06-17 14:58:34.830 [restartedMain] INFO  org.apache.catalina.core.StandardService[173] - Starting service [Tomcat]
2020-06-17 14:58:34.831 [restartedMain] INFO  org.apache.catalina.core.StandardEngine[173] - Starting Servlet engine: [Apache Tomcat/9.0.33]
2020-06-17 14:58:34.972 [restartedMain] INFO  o.a.c.core.ContainerBase.[Tomcat].[localhost].[/][173] - Initializing Spring embedded WebApplicationContext
2020-06-17 14:58:34.973 [restartedMain] INFO  org.springframework.web.context.ContextLoader[284] - Root WebApplicationContext: initialization completed in 2349 ms
2020-06-17 14:58:35.533 [restartedMain] INFO  o.s.scheduling.concurrent.ThreadPoolTaskExecutor[181] - Initializing ExecutorService 'applicationTaskExecutor'
2020-06-17 14:58:37.801 [restartedMain] INFO  o.s.b.d.autoconfigure.OptionalLiveReloadServer[58] - LiveReload server is running on port 35729
2020-06-17 14:58:37.961 [restartedMain] INFO  org.apache.coyote.http11.Http11NioProtocol[173] - Starting ProtocolHandler ["http-nio-8011"]
2020-06-17 14:58:38.000 [restartedMain] INFO  o.s.boot.web.embedded.tomcat.TomcatWebServer[204] - Tomcat started on port(s): 8011 (http) with context path ''
2020-06-17 14:58:38.005 [restartedMain] INFO  com.yanzheng.demo.DemoApplication[61] - Started DemoApplication in 6.262 seconds (JVM running for 9.031)
2020-06-17 14:59:00.350 [http-nio-8011-exec-2] INFO  o.a.c.core.ContainerBase.[Tomcat].[localhost].[/][173] - Initializing Spring DispatcherServlet 'dispatcherServlet'
2020-06-17 14:59:00.350 [http-nio-8011-exec-2] INFO  org.springframework.web.servlet.DispatcherServlet[525] - Initializing Servlet 'dispatcherServlet'
2020-06-17 14:59:00.368 [http-nio-8011-exec-2] INFO  org.springframework.web.servlet.DispatcherServlet[547] - Completed initialization in 17 ms
2020-06-17 15:09:26.182 [SpringContextShutdownHook] INFO  o.s.scheduling.concurrent.ThreadPoolTaskExecutor[218] - Shutting down ExecutorService 'applicationTaskExecutor'
